<?xml version="1.0" encoding="UTF-8"?>
<testng-results skipped="0" failed="1" ignored="0" total="2" passed="1">
  <reporter-output>
  </reporter-output>
  <suite name="TestSeleniumDemo" duration-ms="69222" started-at="2019-01-29T12:24:26Z" finished-at="2019-01-29T12:25:35Z">
    <groups>
    </groups>
    <test name="Test1" duration-ms="48399" started-at="2019-01-29T12:24:26Z" finished-at="2019-01-29T12:25:14Z">
      <class name="test.selenium.demo.test.selenium.demo.TestSeleniumCase1">
        <test-method status="PASS" signature="OpenBrowser()[pri:0, instance:test.selenium.demo.test.selenium.demo.TestSeleniumCase1@371a67ec]" name="OpenBrowser" is-config="true" duration-ms="5442" started-at="2019-01-29T12:24:26Z" finished-at="2019-01-29T12:24:31Z">
          <reporter-output>
          </reporter-output>
        </test-method> <!-- OpenBrowser -->
        <test-method status="PASS" signature="navigateURL()[pri:0, instance:test.selenium.demo.test.selenium.demo.TestSeleniumCase1@371a67ec]" name="navigateURL" is-config="true" duration-ms="31606" started-at="2019-01-29T12:24:31Z" finished-at="2019-01-29T12:25:03Z">
          <reporter-output>
          </reporter-output>
        </test-method> <!-- navigateURL -->
        <test-method status="PASS" signature="NewsLetterWrongdata(java.lang.String)[pri:0, instance:test.selenium.demo.test.selenium.demo.TestSeleniumCase1@371a67ec]" name="NewsLetterWrongdata" duration-ms="11325" started-at="2019-01-29T12:25:03Z" finished-at="2019-01-29T12:25:14Z">
          <params>
            <param index="0">
              <value>
                <![CDATA[abcd]]>
              </value>
            </param>
          </params>
          <reporter-output>
          </reporter-output>
        </test-method> <!-- NewsLetterWrongdata -->
      </class> <!-- test.selenium.demo.test.selenium.demo.TestSeleniumCase1 -->
    </test> <!-- Test1 -->
    <test name="Test2" duration-ms="20772" started-at="2019-01-29T12:25:14Z" finished-at="2019-01-29T12:25:35Z">
      <class name="test.selenium.demo.test.selenium.demo.TestSeleniumCase2">
        <test-method status="PASS" signature="OpenBrowser()[pri:0, instance:test.selenium.demo.test.selenium.demo.TestSeleniumCase2@569cfc36]" name="OpenBrowser" is-config="true" duration-ms="3095" started-at="2019-01-29T12:25:14Z" finished-at="2019-01-29T12:25:17Z">
          <reporter-output>
          </reporter-output>
        </test-method> <!-- OpenBrowser -->
        <test-method status="PASS" signature="navigateURL()[pri:0, instance:test.selenium.demo.test.selenium.demo.TestSeleniumCase2@569cfc36]" name="navigateURL" is-config="true" duration-ms="17643" started-at="2019-01-29T12:25:17Z" finished-at="2019-01-29T12:25:35Z">
          <reporter-output>
          </reporter-output>
        </test-method> <!-- navigateURL -->
        <test-method status="FAIL" signature="NewsLetterCorrectData(java.lang.String)[pri:0, instance:test.selenium.demo.test.selenium.demo.TestSeleniumCase2@569cfc36]" name="NewsLetterCorrectData" duration-ms="27" started-at="2019-01-29T12:25:35Z" finished-at="2019-01-29T12:25:35Z">
          <params>
            <param index="0">
              <value>
                <![CDATA[madhuri.naphade@gmail.com]]>
              </value>
            </param>
          </params>
          <exception class="java.lang.NullPointerException">
            <full-stacktrace>
              <![CDATA[java.lang.NullPointerException
at test.selenium.demo.test.selenium.demo.TestSeleniumCase2.NewsLetterCorrectData(TestSeleniumCase2.java:17)
at sun.reflect.NativeMethodAccessorImpl.invoke0(Native Method)
at sun.reflect.NativeMethodAccessorImpl.invoke(NativeMethodAccessorImpl.java:62)
at sun.reflect.DelegatingMethodAccessorImpl.invoke(DelegatingMethodAccessorImpl.java:43)
at java.lang.reflect.Method.invoke(Method.java:498)
at org.testng.internal.MethodInvocationHelper.invokeMethod(MethodInvocationHelper.java:124)
at org.testng.internal.Invoker.invokeMethod(Invoker.java:580)
at org.testng.internal.Invoker.invokeTestMethod(Invoker.java:716)
at org.testng.internal.Invoker.invokeTestMethods(Invoker.java:988)
at org.testng.internal.TestMethodWorker.invokeTestMethods(TestMethodWorker.java:125)
at org.testng.internal.TestMethodWorker.run(TestMethodWorker.java:109)
at org.testng.TestRunner.privateRun(TestRunner.java:648)
at org.testng.TestRunner.run(TestRunner.java:505)
at org.testng.SuiteRunner.runTest(SuiteRunner.java:455)
at org.testng.SuiteRunner.runSequentially(SuiteRunner.java:450)
at org.testng.SuiteRunner.privateRun(SuiteRunner.java:415)
at org.testng.SuiteRunner.run(SuiteRunner.java:364)
at org.testng.SuiteRunnerWorker.runSuite(SuiteRunnerWorker.java:52)
at org.testng.SuiteRunnerWorker.run(SuiteRunnerWorker.java:84)
at org.testng.TestNG.runSuitesSequentially(TestNG.java:1208)
at org.testng.TestNG.runSuitesLocally(TestNG.java:1137)
at org.testng.TestNG.runSuites(TestNG.java:1049)
at org.testng.TestNG.run(TestNG.java:1017)
at org.testng.remote.AbstractRemoteTestNG.run(AbstractRemoteTestNG.java:114)
at org.testng.remote.RemoteTestNG.initAndRun(RemoteTestNG.java:251)
at org.testng.remote.RemoteTestNG.main(RemoteTestNG.java:77)
]]>
            </full-stacktrace>
          </exception> <!-- java.lang.NullPointerException -->
          <reporter-output>
          </reporter-output>
        </test-method> <!-- NewsLetterCorrectData -->
      </class> <!-- test.selenium.demo.test.selenium.demo.TestSeleniumCase2 -->
    </test> <!-- Test2 -->
  </suite> <!-- TestSeleniumDemo -->
</testng-results>
