<?xml version="1.0" encoding="UTF-8"?>
<!-- Generated by org.testng.reporters.JUnitXMLReporter -->
<testsuite hostname="MC0XHP2C" ignored="0" name="Test2" tests="1" failures="1" timestamp="29 Jan 2019 12:25:35 GMT" time="20.772" errors="0">
  <testcase name="NewsLetterCorrectData" time="0.027" classname="test.selenium.demo.test.selenium.demo.TestSeleniumCase2">
    <failure type="java.lang.NullPointerException">
      <![CDATA[java.lang.NullPointerException
at test.selenium.demo.test.selenium.demo.TestSeleniumCase2.NewsLetterCorrectData(TestSeleniumCase2.java:17)
... Removed 25 stack frames]]>
    </failure>
  </testcase> <!-- NewsLetterCorrectData -->
</testsuite> <!-- Test2 -->
